<?xml version="1.0" encoding="UTF-8"?>
<!-- Generated by org.testng.reporters.JUnitReportReporter -->
<testsuite hostname="DESKTOP-7EJ77M7" failures="0" tests="6" name="tugas.cucumber.outlinescenario.OutlineTestRunner" time="16.826" errors="1" timestamp="2022-09-20T23:28:46 WIB" skipped="0">
  <testcase classname="tugas.cucumber.outlinescenario.OutlineTestRunner" name="runScenario" time="8.705"/>
  <system-out/>
  <testcase classname="tugas.cucumber.outlinescenario.OutlineTestRunner" name="runScenario" time="1.779"/>
  <system-out/>
  <testcase classname="tugas.cucumber.outlinescenario.OutlineTestRunner" name="runScenario" time="1.648"/>
  <system-out/>
  <testcase classname="tugas.cucumber.outlinescenario.OutlineTestRunner" name="runScenario" time="1.774"/>
  <system-out/>
  <testcase classname="tugas.cucumber.outlinescenario.OutlineTestRunner" name="runScenario" time="2.586"/>
  <system-out/>
  <testcase classname="tugas.cucumber.outlinescenario.OutlineTestRunner" name="runScenario" time="0.334">
    <error message="Cannot invoke &quot;org.openqa.selenium.SearchContext.findElement(org.openqa.selenium.By)&quot; because &quot;this.searchContext&quot; is null" type="java.lang.NullPointerException">
      <![CDATA[java.lang.NullPointerException: Cannot invoke "org.openqa.selenium.SearchContext.findElement(org.openqa.selenium.By)" because "this.searchContext" is null
at org.openqa.selenium.support.pagefactory.DefaultElementLocator.findElement(DefaultElementLocator.java:70)
at org.openqa.selenium.support.pagefactory.internal.LocatingElementHandler.invoke(LocatingElementHandler.java:39)
at jdk.proxy2/jdk.proxy2.$Proxy33.click(Unknown Source)
at ujian.ujiankeempat.nopcommerce.AddCustomer.klikPlus(AddCustomer.java:215)
at tugas.cucumber.outlinescenario.DashboardOutline.user_click_menu_dashboard_outline_nop_commerce(DashboardOutline.java:26)
at âœ½.User click menu Dashboard Outline NOPCommerce(file:///C:/TRAINING/SQA/NAH/src/test/resources/tugas/cucumber/outlinescenario/03dashboard.feature:4)
]]>
    </error>
  </testcase> <!-- runScenario -->
  <system-out/>
</testsuite> <!-- tugas.cucumber.outlinescenario.OutlineTestRunner -->
